<?xml version="1.0" encoding="UTF-8"?>
<testng-results skipped="0" failed="0" ignored="0" total="1" passed="1">
  <reporter-output>
  </reporter-output>
  <suite name="com.qa.test.GetAPITest" duration-ms="3549" started-at="2021-01-15T12:03:51 IST" finished-at="2021-01-15T12:03:54 IST">
    <groups>
    </groups>
    <test name="Command line test" duration-ms="3549" started-at="2021-01-15T12:03:51 IST" finished-at="2021-01-15T12:03:54 IST">
      <class name="com.qa.test.GetAPITest">
        <test-method status="PASS" signature="setup()[pri:0, instance:com.qa.test.GetAPITest@1bce4f0a]" name="setup" is-config="true" duration-ms="8" started-at="2021-01-15T12:03:51 IST" finished-at="2021-01-15T12:03:51 IST">
          <reporter-output>
          </reporter-output>
        </test-method> <!-- setup -->
        <test-method status="PASS" signature="getApiTest()[pri:0, instance:com.qa.test.GetAPITest@1bce4f0a]" name="getApiTest" duration-ms="3477" started-at="2021-01-15T12:03:51 IST" finished-at="2021-01-15T12:03:54 IST">
          <reporter-output>
          </reporter-output>
        </test-method> <!-- getApiTest -->
      </class> <!-- com.qa.test.GetAPITest -->
    </test> <!-- Command line test -->
  </suite> <!-- com.qa.test.GetAPITest -->
</testng-results>
